INI50
INI21001
HC269
HC382
BIN1210
BIN1950
BIN1980
BIN2000
BIN2010
BIN2020
BIN2040
BIN2188
BIN2257
BIN2316
BIN2443
BIN2463
BIN3393
BIN3606
BIN3616
BIN3751
BIN3773
BIN3799
BIN4067
BIN4093
BIN5181
BIN5324
BIN5326
BIN5328
BIN5452
BIN5474
BIN5485
BIN12139
BIN12188
BIN20406
BIN20417
BIN20419
BIN20428
BIN20431
BIN20437
BIN20496
BIN20500
BIN20532
BIN20534
BIN20538
BIN20540
BIN21027
BIN21035
BIN21038
BIN21068
BIN21071
BIN21073
BIN21075
BIN22126
BIN22127
BIN22133
BIN22502
BIN22504
BIN23051
BIN23054
BIN23055
BIN23056
BIN23059
BIN23063
BIN23065
BIN23066
BIN23067
BIN23068
BIN23069
BIN23070
BIN23073
BIN23075
BIN41215
BIN100240
BIN100260
BIN100280
BIN100360
BIN100480
BIN100580
BIN102080
BIN102800
BIN102930
BIN104400
BIN1020483
BIN10030500
BIN10030800
BIN10030820
BIN30030510
BIN_FC1001747
BIN_FC1002247
BIN_FC1002306
BIN_FC1005164
BIN_FC1006144
BIN_FC1006148
BIN_FC1006149
BIN_FC1006150
BIN_FC1006152
BIN_FC1006154
BIN_FC2001747
BIN_FC2006148
BIN_FC2006150
BIN_FC2006154
BIN_FC2006155
BIN_FC2006179
BIN_FC3001747
BIN_FC3002247
BIN_FC3006144
BIN_FC3006152
BIN_FC3006155
BIN_FC4001747
BIN_FC4006144
BIN_FC4006148
BIN_FC4006149
BIN_FC4006150
BIN_FC4006152
BIN_FC5001747
BIN_FC5006148
BIN_FC5006149
BIN_FC5006152
BIN_FC6001747
BIN_FC6006149
BIN_FC6006152
BIN_FC6006155
BIN_FC7001747
BIN_FC7006152
BIN_FC7006154
BIN_FC7006155
BIN_FC8006152
BIN_FC8006154
BIN_FC8006179
BIN_FC9006152
BIN_FC9006154
BIN_FC9006179
BIN_FC10001150
BIN_FC10001538
BIN_FC10001628
BIN_FC10001707
BIN_FC10001727
BIN_FC10001757
BIN_FC10001797
BIN_FC10001835
BIN_FC10001950
BIN_FC10001980
BIN_FC10002000
BIN_FC10002010
BIN_FC10002020
BIN_FC10002040
BIN_FC10002188
BIN_FC10002257
BIN_FC10002267
BIN_FC10002316
BIN_FC10002443
BIN_FC10002463
BIN_FC10002492
BIN_FC10002644
BIN_FC10002877
BIN_FC10002986
BIN_FC10003393
BIN_FC10003616
BIN_FC10003773
BIN_FC10003799
BIN_FC10004067
BIN_FC10004825
BIN_FC10005452
BIN_FC10005474
BIN_FC10005485
BIN_FC10005518
BIN_FC10005855
BIN_FC10005934
BIN_FC10006151
BIN_FC10006152
BIN_FC10006160
BIN_FC10006179
BIN_FC10020116
BIN_FC10020171
BIN_FC10020173
BIN_FC10020175
BIN_FC10020179
BIN_FC10020181
BIN_FC10020487
BIN_FC10020488
BIN_FC10020490
BIN_FC10020523
BIN_FC10020530
BIN_FC10020536
BIN_FC10020552
BIN_FC10022506
BIN_FC11006152
BIN_FC11006179
BIN_FC12006152
BIN_FC12006155
BIN_FC15006155
BIN_FC18006155
BIN_FC20001249
BIN_FC20001428
BIN_FC20001448
BIN_FC20001468
BIN_FC20001508
BIN_FC20001727
BIN_FC20001757
BIN_FC20002267
BIN_FC20002877
BIN_FC20005441
BIN_FC20005507
BIN_FC20005518
BIN_FC20005843
BIN_FC20006074
BIN_FC20006119
BIN_FC20006156
BIN_FC20006157
BIN_FC20006160
BIN_FC20020116
BIN_FC20020487
BIN_FC20020492
BIN_FC20020522
BIN_FC20020526
BIN_FC20020530
BIN_FC20020537
BIN_FC20020548
BIN_FC20022506
BIN_FC20100920
BIN_FC30001418
BIN_FC30001508
BIN_FC30001727
BIN_FC30001757
BIN_FC30002267
BIN_FC30002654
BIN_FC30003446
BIN_FC30003486
BIN_FC30005507
BIN_FC30006156
BIN_FC30006164
BIN_FC30012187
BIN_FC30012323
BIN_FC30020487
BIN_FC30020492
BIN_FC30020523
BIN_FC30020537
BIN_FC30020539
BIN_FC30022506
BIN_FC40001249
BIN_FC40001448
BIN_FC40001468
BIN_FC40001508
BIN_FC40001727
BIN_FC40002267
BIN_FC40002654
BIN_FC40006151
BIN_FC40020489
BIN_FC40020525
BIN_FC40020537
BIN_FC40020539
BIN_FC40020544
BIN_FC50001468
BIN_FC50002267
BIN_FC50006160
BIN_FC50020126
BIN_FC50020488
BIN_FC50020544
BIN_FC60100920
BIN_FC80020548
BIN_FC100020544
FH1001
FH1002
FH1019
FH1044
FH1065
FH1113
FH1220
FH1263
FH1286
HC3
HC5
HC6
HC8
HC9
HC12
HC13
HC16
HC17
HC22
HC25
HC26
HC28
HC31
HC33
HC35
HC36
HC38
HC39
HC40
HC44
HC45
HC49
HC55
HC57
HC59
HC60
HC61
HC62
HC63
HC68
HC74
HC78
HC83
HC84
HC85
HC86
HC87
HC88
HC91
HC92
HC93
HC95
HC96
HC102
HC103
HC106
HC110
HC113
HC117
HC121
HC122
HC123
HC124
HC125
HC128
HC129
HC130
HC132
HC133
HC134
HC135
HC136
HC142
HC143
HC144
HC146
HC151
HC153
HC155
HC156
HC157
HC158
HC161
HC163
HC165
HC166
HC167
HC169
HC170
HC176
HC177
HC178
HC182
HC184
HC188
HC195
HC197
HC198
HC201
HC203
HC205
HC207
HC210
HC212
HC215
HC218
HC219
HC221
HC222
HC223
HC225
HC231
HC232
HC233
HC237
HC243
HC248
HC250
HC254
HC255
HC256
HC257
HC259
HC261
HC262
HC267
HC268
HC270
HC271
HC273
HC274
HC276
HC277
HC281
HC284
HC285
HC286
HC288
HC290
HC294
HC298
HC299
HC302
HC303
HC307
HC310
HC312
HC314
HC316
HC321
HC322
HC323
HC324
HC326
HC328
HC332
HC337
HC338
HC340
HC341
HC346
HC347
HC348
HC352
HC355
HC357
HC358
HC359
HC361
HC362
HC364
HC366
HC369
HC371
HC376
HC380
HC384
HC385
HC388
HC390
HC392
HC395
HC396
HC400
HC401
HC402
HC405
HC406
HC408
HC410
HC413
HC417
HC418
HC419
HC420
HC421
HC422
HC423
HC427
HC430
HC431
HC432
HC433
HC434
HC436
HC440
HC441
HC442
HC445
HC449
HC451
HC452
HC457
HC481
HC496
HC497
HC502
HC517
HC528
HC529
HC530
HC534
HC537
HC540
HC547
HC548
HC550
HC553
HC561
HC571
HC590
HC594
HC595
HC604
HC606
HC608
HC615
HC617
HC619
HC620
HC624
HC639
HC643
HC644
HC645
HC646
HC648
HC649
HC652
HC654
HC656
HC685
HC689
HC700
HC702
HC703
HC707
HC708
HC709
HC710
HC711
HC712
HC713
HC715
HC720
HC734
HC746
HC747
HC784
HC792
HC807
HC808
HC810
HC812
HC815
HC818
HC824
HC830
HC831
HC840
HC842
HC846
HC857
HC859
HC861
HC865
HC866
HC868
HC872
HC878
HC880
HC881
HC882
HC885
HC887
HC895
HC900
HC906
HC909
HC911
HC914
HC915
HC918
HC932
HC937
HC938
HC941
HC942
HC943
HC951
HC964
HC965
HC966
HC967
HC972
HC980
HC981
HC982
HC983
HC984
HC987
HC990
HC992
HC998
HC999
HC1001
HC1005
HC1007
HC1012
HC1013
HC1014
HC1017
HC1020
HC1021
HC1023
HC1024
HC1027
HC1028
HC1029
HC1031
HC1033
HC1034
HC1035
HC1036
HC1038
HC1040
HC1047
HC1049
HC1050
HC1052
HC1054
HC1056
HC1063
HC1064
HC1069
HC1070
HC1071
HC1072
HC1073
HC1084
HC1090
HC1094
HC1095
HC1096
HC1098
HC1101
HC1102
HC1103
HC1104
HC1106
HC1111
HC1112
HC1117
HC1119
HC1120
HC1121
HC1122
HC1123
HC1125
HC1126
HC1132
HC1139
HC1141
HC1142
HC1148
HC1149
HC1152
HC1157
HC1158
HC1159
HC1161
HC1162
HC1167
HC1169
HC1171
HC1176
HC1184
HC1185
HC1188
HC1190
HC1197
HC1200
HC1207
HC1209
HC1211
HC1212
HC1213
HC1215
HC1218
HC1220
HC1221
HC1222
HC1228
HC1235
HC1236
HC1240
HC1242
HC1248
HC1253
HC1257
HC1261
HC1268
HC1271
HC1278
HC1282
HC1289
HC1295
HC1297
HC1302
HC1304
HC1305
HC1307
HC1313
HC1322
HC1324
HC1329
HC1334
HC1341
HC1346
HC1350
HC1389
HC1398
HC1406
HC1407
HC1408
HC1410
HC1417
HC1521
HC1522
HC1532
HC1540
HC1541
HC1550
HC1552
HC1558
HC1563
HC1574
HC1575
HC1576
HC1581
HC1582
HC1583
HC1584
HC1585
INI46
INI47
INI48
INI49
INI77
INI78
INI87
INI93
INI95
INI102
INI134
INI135
INI137
INI189
INI874
INI924
INI971
INI981
INI991
INI1050
INI1060
INI1100
INI1110
INI1120
INI1130
INI1160
INI1279
INI1289
INI1299
INI1309
INI1319
INI1438
INI1458
INI1488
INI1498
INI1528
INI1548
INI1578
INI1588
INI1598
INI1608
INI1737
INI1807
INI1845
INI2139
INI2149
INI2217
INI2237
INI2624
INI2867
INI2887
INI2897
INI2926
INI2966
INI2976
INI3062
INI3063
INI3064
INI3077
INI3083
INI3084
INI3085
INI3086
INI3143
INI3144
INI3146
INI3147
INI3148
INI3436
INI3456
INI3627
INI3637
INI3659
INI3680
INI3761
INI3786
INI3982
INI4079
INI4080
INI4100
INI4101
INI4103
INI4104
INI4105
INI4106
INI4119
INI4120
INI4122
INI4123
INI4124
INI4125
INI4194
INI4198
INI4199
INI4233
INI4244
INI4277
INI4440
INI4451
INI4700
INI4814
INI5057
INI5078
INI5079
INI5084
INI5085
INI5089
INI5096
INI5097
INI5098
INI5099
INI5101
INI5103
INI5104
INI5105
INI5107
INI5109
INI5111
INI5112
INI5113
INI5114
INI5116
INI5117
INI5118
INI5119
INI5132
INI5133
INI5134
INI5135
INI5157
INI5158
INI5160
INI5199
INI5201
INI5206
INI5208
INI5237
INI5254
INI5255
INI5256
INI5257
INI5262
INI5263
INI5264
INI5265
INI5292
INI5364
INI5386
INI12144
INI12336
INI12338
INI12340
INI12654
INI20015
INI20016
INI20021
INI20022
INI20121
INI20191
INI20405
INI20413
INI20414
INI20416
INI20434
INI20440
INI20442
INI20453
INI20454
INI20460
INI20479
INI20495
INI20496
INI20498
INI20506
INI20509
INI20510
INI20514
INI20515
INI20517
INI20518
INI20519
INI20520
INI21002
INI21025
INI21028
INI21029
INI21033
INI21034
INI21039
INI21040
INI21042
INI21043
INI21044
INI21045
INI21047
INI21049
INI21051
INI21052
INI21053
INI21054
INI21058
INI21059
INI21060
INI21061
INI22146
INI22147
INI22330
INI22331
INI22332
INI22333
INI22334
INI22335
INI22337
INI22338
INI22405
INI22407
INI22420
INI22422
INI22423
INI22425
INI22426
INI22427
INI22503
INI22670
INI22671
INI22672
INI22673
INI22674
INI23002
INI23003
INI23004
INI23005
INI23006
INI23008
INI23009
INI23010
INI23011
INI23013
INI23019
INI23020
INI23022
INI23023
INI23025
INI23026
INI23027
INI23028
INI23030
INI23032
INI23034
INI23035
INI23036
INI23037
INI23040
INI23041
INI23098
INI23099
INI23100
INI23101
INI23102
INI23104
INI23105
INI23106
INI23107
INI23108
INI23109
INI23110
INI23111
INI23112
INI23113
INI23114
INI23115
INI23117
INI23118
INI23119
INI23120
INI23121
INI23122
INI23123
INI23124
INI23125
INI23126
INI23127
INI23128
INI23129
INI23130
INI23201
INI23209
INI23210
INI23212
INI23213
INI23220
INI23222
INI23223
INI23224
INI23244
INI23252
INI23254
INI23255
INI23256
INI23257
INI23260
INI23262
INI23263
INI23265
INI23267
INI23269
INI23271
INI23272
INI23273
INI23275
INI23277
INI23279
INI23280
INI23285
INI23290
INI23298
INI23299
INI23305
INI23307
INI23311
INI23313
INI23314
INI23315
INI23316
INI23317
INI23318
INI24004
INI24005
INI24013
INI25000
INI25001
INI25002
INI25003
INI25004
INI25005
INI25006
INI25007
INI25008
INI25009
INI25010
INI25011
INI25012
INI25013
INI25014
INI25015
INI25016
INI25017
INI25018
INI25019
INI25021
INI25022
INI25023
INI25024
INI25025
INI25026
INI25027
INI25028
INI25029
INI25030
INI25031
INI25032
INI25033
INI25034
INI25036
INI25037
INI25039
INI25040
INI25042
INI25046
INI25048
INI25050
INI25054
INI25056
INI25057
INI25058
INI25059
INI25060
INI25061
INI25062
INI25063
INI25064
INI25066
INI25067
INI25068
INI25069
INI25071
INI25072
INI25073
INI25074
INI25075
INI25076
INI25077
INI25078
INI25079
INI25080
INI25081
INI25083
INI25084
INI25085
INI25086
INI25087
INI25088
INI25089
INI25090
INI25091
INI25092
INI25093
INI25094
INI25096
INI25097
INI25098
INI25099
INI25100
INI25101
INI25102
INI25103
INI25344
INI25345
INI25346
INI25347
INI25349
INI25350
INI25351
INI25352
INI25353
INI25354
INI25355
INI25356
INI25357
INI25358
INI25359
INI25360
INI25361
INI25362
INI25363
INI25364
INI25365
INI25366
INI25367
INI25368
INI25369
INI25370
INI25371
INI25372
INI25373
INI25374
INI25375
INI25376
INI25377
INI25378
INI25379
INI25380
INI25381
INI25382
INI25383
INI25384
INI25385
INI25386
INI25387
INI25388
INI25389
INI25391
INI25440
INI25441
INI25443
INI25445
INI25446
INI25447
INI25451
INI25452
INI25453
INI25457
INI25458
INI25460
INI25461
INI25462
INI25463
INI25464
INI25465
INI25467
INI25469
INI25470
INI25471
INI25473
INI25474
INI25475
INI25482
INI25483
INI25488
INI25489
INI25490
INI25491
INI25492
INI25493
INI25495
INI25497
INI25498
INI25499
INI25500
INI25501
INI25502
INI25503
INI25506
INI25507
INI25508
INI25509
INI25511
INI25512
INI25513
INI25514
INI25515
INI25516
INI25517
INI25519
INI25520
INI25521
INI25523
INI25524
INI25525
INI25526
INI25527
INI25528
INI25529
INI25530
INI25531
INI25533
INI25536
INI25538
INI25539
INI25540
INI25541
INI25542
INI25543
INI25544
INI25545
INI25548
INI25549
INI25551
INI25553
INI25555
INI25558
INI25560
INI25561
INI25562
INI25563
INI25564
INI25566
INI25570
INI25571
INI25572
INI25578
INI25579
INI25580
INI25581
INI25582
INI25583
INI25584
INI25585
INI25589
INI25590
INI25591
INI25592
INI25593
INI25594
INI25597
INI25598
INI25599
INI25600
INI25601
INI25602
INI25604
INI25605
INI25606
INI25607
INI25608
INI25609
INI25610
INI25611
INI25614
INI25615
INI25617
INI25618
INI25619
INI25621
INI25622
INI25624
INI25625
INI25626
INI25627
INI25628
INI25633
INI25634
INI25635
INI25636
INI25637
INI25638
INI25639
INI25640
INI25641
INI25642
INI25644
INI25646
INI25647
INI25648
INI25649
INI25650
INI25651
INI25652
INI25653
INI25654
INI25655
INI25656
INI25657
INI25658
INI25659
INI25660
INI25661
INI25662
INI25663
INI25664
INI25665
INI25666
INI25667
INI25668
INI25669
INI25670
INI25671
INI25672
INI25673
INI25674
INI25675
INI25676
INI25679
INI25680
INI25681
INI25682
INI25684
INI25685
INI25687
INI25689
INI25690
INI25691
INI25692
INI25694
INI25695
INI25696
INI25697
INI25698
INI25699
INI25700
INI25701
INI25702
INI25703
INI25704
INI25705
INI25707
INI25708
INI25709
INI25712
INI25713
INI25716
INI25717
INI25718
INI25719
INI25723
INI25724
INI25725
INI25726
INI25727
INI25728
INI25729
INI25730
INI25734
INI25741
INI25742
INI25744
INI25761
INI25763
INI25765
INI25766
INI25767
INI25781
INI25782
INI25784
INI25785
INI25786
INI25787
INI25788
INI25789
INI25791
INI25793
INI25794
INI25795
INI25796
INI25797
INI25798
INI25799
INI25800
INI25801
INI25803
INI25805
INI25806
INI25807
INI25808
INI25809
INI25810
INI25812
INI25813
INI25815
INI25817
INI25818
INI25820
INI25822
INI25825
INI25827
INI25828
INI25829
INI25830
INI25833
INI25834
INI25835
INI25837
INI25838
INI25839
INI25840
INI25841
INI25842
INI25845
INI25846
INI25847
INI25848
INI25849
INI25850
INI25851
INI25853
INI25854
INI25856
INI25857
INI25859
INI25860
INI25861
INI25862
INI25864
INI25865
INI25866
INI25867
INI25868
INI25869
INI25870
INI25871
INI25872
INI25873
INI25874
INI25875
INI25877
INI25878
INI25879
INI25880
INI25881
INI25882
INI25883
INI25886
INI25887
INI25888
INI25890
INI25891
INI25892
INI25893
INI25894
INI25895
INI25896
INI25897
INI25898
INI25899
INI25902
INI25903
INI25904
INI25905
INI25906
INI25907
INI25908
INI25909
INI25910
INI25911
INI25912
INI25913
INI25914
INI25915
INI25916
INI25917
INI25919
INI25920
INI26411
INI26412
INI26413
INI26414
INI26417
INI26421
INI26424
INI26426
INI26428
INI30000
INI30010
INI30020
INI30030
INI30040
INI30050
INI30060
INI30070
INI30080
INI30090
INI30100
INI30110
INI30120
INI30130
INI30140
INI30150
INI30160
INI30180
INI30190
INI30200
INI30210
INI30220
INI30240
INI30250
INI30260
INI30270
INI30280
INI30290
INI30300
INI30510
INI30520
INI30530
INI30600
INI30610
INI30620
INI30630
INI30640
INI30650
INI30660
INI30670
INI30680
INI30690
INI30700
INI30710
INI30720
INI30730
INI30740
INI30750
INI30760
INI30770
INI30780
INI30790
INI30810
INI30820
INI30830
INI30840
INI30850
INI30860
INI30870
INI30880
INI30890
INI30897
INI40007
INI40008
INI100010
INI100160
INI100180
INI100190
INI100230
INI100250
INI100270
INI100290
INI100300
INI100310
INI100400
INI100410
INI100420
INI100430
INI100440
INI100490
INI100500
INI100520
INI100530
INI100670
INI100770
INI100800
INI100810
INI100820
INI100840
INI100900
INI100950
INI101020
INI101090
INI101160
INI101230
INI101240
INI101430
INI101970
INI101980
INI102000
INI102050
INI102060
INI102070
INI102090
INI102140
INI102150
INI102180
INI102190
INI102210
INI102220
INI102230
INI102290
INI102340
INI102350
INI102360
INI102370
INI102410
INI102420
INI102440
INI102450
INI102490
INI102540
INI102620
INI102780
INI102840
INI102940
INI102950
INI102980
INI103010
INI103070
INI103080
INI103090
INI103230
INI104000
INI104050
INI104060
INI104070
INI104080
INI104100
INI104140
INI104150
INI104190
INI104200
INI104220
INI104230
INI104240
INI104280
INI104320
INI104340
INI104350
INI104360
INI104410
INI104430
INI104440
INI104450
INI104460
INI104480
INI104490
INI104510
INI104530
INI104580
INI104590
INI104900
INI104920
INI1003063
INI1003064
INI10030500
INI10030510
INI10030530
INI10030600
INI10030610
INI10030620
INI10030630
INI10030650
INI10030660
INI10030670
INI10030680
INI10030700
INI10030720
INI10030730
INI10030740
INI10030750
INI10030760
INI10030770
INI10030790
INI10030810
INI10030830
INI10030840
INI10030850
INI10030860
INI10030870
INI10030880
INI10030890
INI20030640
INI20030690
INI20030780
INI30030650
INI30030700
INI30030860
QT_FC1001170
QT_FC1001180
QT_FC1001190
QT_FC1001220
QT_FC1001329
QT_FC1001339
QT_FC1001349
QT_FC1001359
QT_FC1001369
QT_FC1001408
QT_FC1001558
QT_FC1001687
QT_FC1001697
QT_FC1002060
QT_FC1002080
QT_FC1002178
QT_FC1002296
QT_FC1003476
QT_FC1004548
QT_FC1004570
QT_FC1004581
QT_FC1004803
QT_FC10001478
QT_FC10003466
QT_FC10003476
QT_FC10003506
QT_FC10020458
QT_FC10020536
cancer1001
cancer1002
cancer1003
cancer1005
cancer1018
cancer1024
cancer1025
cancer1035
cancer1037
cancer1038
cancer1041
cancer1043
cancer1044
cancer1045
cancer1059
cancer1060
cancer1065
cancer1068
cancer1074
