[1] ‘2.0.20’
[1] "Cystatin_C"
Start snpnet: 2019-09-24 23:42:50 
Preprocessing start: 2019-09-24 23:42:50 
  Start computing stats for pnas ...
  End computing stats for pnas. Time elapsed: 6.6071 hours
  Start computing stats for means ...
  End computing stats for means. Time elapsed: 9.8439 hours
Preprocessing end: 2019-09-25 16:11:58 

Iteration 0. Now time: 2019-09-25 16:11:58 
  Start computing inner product for initialization ...
  End computing inner product for initialization. Elapsed time: 1.2215 hours 

Iteration 1. Now time: 2019-09-25 17:25:17
  Start updating feature matrix ...
  End updating feature matrix. Time elapsed: 6.8499 mins 
  -- Number of ever-active variables: 0.
  -- Number of newly added variables: 1000.
  -- Total number of variables in the strong set: 1000.
  Start fitting Glmnet ...
  End fitting Glmnet. Elapsed time: 9.5266 secs 
  Start checking KKT condition ...
[1] "Time of convertion to validation matrix"
Time difference of 0.01977515 secs
[1] 1
[1] "Time of prediction on validation matrix"
Time difference of 1.576471 secs
  End checking KKT condition. Elapsed time: 5.3378 hours 
  -- Finished Lambda 1. Training Metric: 6.1511e-08. Validation Metric:  -6.472252e-05 
  -- Finished Lambda 2. Training Metric: 0.004092784. Validation Metric:  0.004091924 
  -- Finished Lambda 3. Training Metric: 0.007821921. Validation Metric:  0.007882679 
  -- Finished Lambda 4. Training Metric: 0.01132919. Validation Metric:  0.01145222 
  -- Finished Lambda 5. Training Metric: 0.01453429. Validation Metric:  0.0147381 
  -- Finished Lambda 6. Training Metric: 0.01745561. Validation Metric:  0.0177356 
  -- Finished Lambda 7. Training Metric: 0.02011656. Validation Metric:  0.0204696 
  -- Finished Lambda 8. Training Metric: 0.02254973. Validation Metric:  0.0229727 
  -- Finished Lambda 9. Training Metric: 0.02479141. Validation Metric:  0.02527917 
  -- Finished Lambda 10. Training Metric: 0.02683406. Validation Metric:  0.02737782 
Time spent on this iteration: 5.4603 hours. Elapsed time since start: 23.1678 hours.

Iteration 2. Now time: 2019-09-25 22:52:57
  Start updating feature matrix ...
  End updating feature matrix. Time elapsed: 5.6915 mins 
  -- Number of ever-active variables: 7.
  -- Number of newly added variables: 1000.
  -- Total number of variables in the strong set: 1007.
  Start fitting Glmnet ...
  End fitting Glmnet. Elapsed time: 24.1084 secs 
  Start checking KKT condition ...
[1] "Time of convertion to validation matrix"
Time difference of 0.02377462 secs
[1] 1
[1] "Time of prediction on validation matrix"
Time difference of 1.199515 secs
  End checking KKT condition. Elapsed time: 3.2644 hours 
  -- Finished Lambda 11. Training Metric: 0.02869776. Validation Metric:  0.02929321 
  -- Finished Lambda 12. Training Metric: 0.03040543. Validation Metric:  0.03104798 
  -- Finished Lambda 13. Training Metric: 0.0319623. Validation Metric:  0.03264721 
  -- Finished Lambda 14. Training Metric: 0.03337902. Validation Metric:  0.03410283 
  -- Finished Lambda 15. Training Metric: 0.03467037. Validation Metric:  0.03543038 
Time spent on this iteration: 3.3716 hours. Elapsed time since start: 1.1058 days.

Iteration 3. Now time: 2019-09-26 02:15:18
  Start updating feature matrix ...
  End updating feature matrix. Time elapsed: 6.1566 mins 
  -- Number of ever-active variables: 8.
  -- Number of newly added variables: 1000.
  -- Total number of variables in the strong set: 1008.
  Start fitting Glmnet ...
  End fitting Glmnet. Elapsed time: 23.0139 secs 
  Start checking KKT condition ...
[1] "Time of convertion to validation matrix"
Time difference of 0.07448864 secs
[1] 1
[1] "Time of prediction on validation matrix"
Time difference of 1.510373 secs
  End checking KKT condition. Elapsed time: 3.4957 hours 
  -- Finished Lambda 16. Training Metric: 0.03584731. Validation Metric:  0.03664159 
  -- Finished Lambda 17. Training Metric: 0.03691868. Validation Metric:  0.03774529 
  -- Finished Lambda 18. Training Metric: 0.03789441. Validation Metric:  0.03875141 
  -- Finished Lambda 19. Training Metric: 0.03879632. Validation Metric:  0.03968128 
  -- Finished Lambda 20. Training Metric: 0.03963736. Validation Metric:  0.0405478 
Time spent on this iteration: 3.6103 hours. Elapsed time since start: 1.2563 days.

Iteration 4. Now time: 2019-09-26 05:51:59
  Start updating feature matrix ...
  End updating feature matrix. Time elapsed: 6.2931 mins 
  -- Number of ever-active variables: 9.
  -- Number of newly added variables: 1000.
  -- Total number of variables in the strong set: 1009.
  Start fitting Glmnet ...
  End fitting Glmnet. Elapsed time: 17.3478 secs 
  Start checking KKT condition ...
[1] "Time of convertion to validation matrix"
Time difference of 0.06119752 secs
[1] 1
[1] "Time of prediction on validation matrix"
Time difference of 1.484873 secs
  End checking KKT condition. Elapsed time: 3.683 hours 
  -- Finished Lambda 21. Training Metric: 0.04040248. Validation Metric:  0.04133651 
  -- Finished Lambda 22. Training Metric: 0.04109797. Validation Metric:  0.0420538 
  -- Finished Lambda 23. Training Metric: 0.04187949. Validation Metric:  0.04285184 
  -- Finished Lambda 24. Training Metric: 0.04302066. Validation Metric:  0.04399471 
  -- Finished Lambda 25. Training Metric: 0.0440627. Validation Metric:  0.04504023 
Time spent on this iteration: 3.7988 hours. Elapsed time since start: 1.4146 days.

Iteration 5. Now time: 2019-09-26 09:39:58
  Start updating feature matrix ...
  End updating feature matrix. Time elapsed: 6.1253 mins 
  -- Number of ever-active variables: 11.
  -- Number of newly added variables: 1000.
  -- Total number of variables in the strong set: 1011.
  Start fitting Glmnet ...
  End fitting Glmnet. Elapsed time: 15.7875 secs 
  Start checking KKT condition ...
[1] "Time of convertion to validation matrix"
Time difference of 0.01899481 secs
[1] 1
[1] "Time of prediction on validation matrix"
Time difference of 1.614796 secs
  End checking KKT condition. Elapsed time: 3.5924 hours 
  -- Finished Lambda 26. Training Metric: 0.04501154. Validation Metric:  0.04599317 
  -- Finished Lambda 27. Training Metric: 0.04587575. Validation Metric:  0.04686199 
  -- Finished Lambda 28. Training Metric: 0.04670334. Validation Metric:  0.04769017 
  -- Finished Lambda 29. Training Metric: 0.04747915. Validation Metric:  0.04846561 
  -- Finished Lambda 30. Training Metric: 0.04841253. Validation Metric:  0.04940474 
Time spent on this iteration: 3.7046 hours. Elapsed time since start: 1.569 days.

Iteration 6. Now time: 2019-09-26 13:22:18
  Start updating feature matrix ...
  End updating feature matrix. Time elapsed: 6.0727 mins 
  -- Number of ever-active variables: 15.
  -- Number of newly added variables: 1000.
  -- Total number of variables in the strong set: 1015.
  Start fitting Glmnet ...
  End fitting Glmnet. Elapsed time: 12.1443 secs 
  Start checking KKT condition ...
[1] "Time of convertion to validation matrix"
Time difference of 0.007783413 secs
[1] 1
[1] "Time of prediction on validation matrix"
Time difference of 1.66709 secs
  End checking KKT condition. Elapsed time: 3.5996 hours 
  -- Finished Lambda 31. Training Metric: 0.04943303. Validation Metric:  0.0504387 
  -- Finished Lambda 32. Training Metric: 0.05039209. Validation Metric:  0.05140567 
  -- Finished Lambda 33. Training Metric: 0.05130077. Validation Metric:  0.05231809 
  -- Finished Lambda 34. Training Metric: 0.05213503. Validation Metric:  0.0531576 
  -- Finished Lambda 35. Training Metric: 0.05289572. Validation Metric:  0.05392429 
Time spent on this iteration: 3.7108 hours. Elapsed time since start: 1.7237 days.

Iteration 7. Now time: 2019-09-26 17:05:00
  Start updating feature matrix ...
  End updating feature matrix. Time elapsed: 6.1812 mins 
  -- Number of ever-active variables: 19.
  -- Number of newly added variables: 1000.
  -- Total number of variables in the strong set: 1019.
  Start fitting Glmnet ...
  End fitting Glmnet. Elapsed time: 23.2951 secs 
  Start checking KKT condition ...
[1] "Time of convertion to validation matrix"
Time difference of 0.01209402 secs
[1] 1
[1] "Time of prediction on validation matrix"
Time difference of 1.328841 secs
  End checking KKT condition. Elapsed time: 3.2856 hours 
  -- Finished Lambda 36. Training Metric: 0.05359508. Validation Metric:  0.05463062 
  -- Finished Lambda 37. Training Metric: 0.05424708. Validation Metric:  0.05528853 
  -- Finished Lambda 38. Training Metric: 0.05483496. Validation Metric:  0.05588253 
  -- Finished Lambda 39. Training Metric: 0.05539138. Validation Metric:  0.05643682 
  -- Finished Lambda 40. Training Metric: 0.05604111. Validation Metric:  0.0570987 
Time spent on this iteration: 3.4013 hours. Elapsed time since start: 1.8655 days.

Iteration 8. Now time: 2019-09-26 20:29:09
  Start updating feature matrix ...
  End updating feature matrix. Time elapsed: 5.8433 mins 
  -- Number of ever-active variables: 26.
  -- Number of newly added variables: 1000.
  -- Total number of variables in the strong set: 1026.
  Start fitting Glmnet ...
  End fitting Glmnet. Elapsed time: 18.9121 secs 
  Start checking KKT condition ...
