Alanine_aminotransferase
Albumin
Alkaline_phosphatase
Apolipoprotein_A
Apolipoprotein_B
Aspartate_aminotransferase
C_reactive_protein
Calcium
Cholesterol
Creatinine
Cystatin_C
Direct_bilirubin
Gamma_glutamyltransferase
Glucose
Glycated_haemoglobin_HbA1c
HDL_cholesterol
IGF_1
LDL_direct
Lipoprotein_A
Phosphate
SHBG
Testosterone
Total_bilirubin
Total_protein
Triglycerides
Urate
Urea
Vitamin_D
Alanine_aminotransferase_adjstatins
Albumin_adjstatins
Apolipoprotein_A_adjstatins
Apolipoprotein_B_adjstatins
Aspartate_aminotransferase_adjstatins
C_reactive_protein_adjstatins
Calcium_adjstatins
Cholesterol_adjstatins
Creatinine_adjstatins
Cystatin_C_adjstatins
Direct_bilirubin_adjstatins
Gamma_glutamyltransferase_adjstatins
Glycated_haemoglobin_HbA1c_adjstatins
HDL_cholesterol_adjstatins
IGF_1_adjstatins
LDL_direct_adjstatins
Lipoprotein_A_adjstatins
Phosphate_adjstatins
SHBG_adjstatins
Testosterone_adjstatins
Total_protein_adjstatins
Triglycerides_adjstatins
Urea_adjstatins
Vitamin_D_adjstatins
